Using pre-set license
Built from '2021.1/staging' branch; Version is '2021.1.6f1 (c0fade0cc7e9) revision 12647134'; Using compiler version '192528614'; Build Type 'Release'
OS: 'Windows 10 Enterprise; OS build 19041.1415; Version 2004; 64bit' Language: 'en' Physical Memory: 32706 MB
BatchMode: 1, IsHumanControllingUs: 0, StartBugReporterOnCrash: 0, Is64bit: 1, IsPro: 0

 COMMAND LINE ARGUMENTS:
C:\Program Files\Unity 2021.1.6f1\Editor\Unity.exe
-adb2
-batchMode
-noUpm
-name
AssetImportWorker0
-projectPath
C:/Users/yliu821/Documents/Unity/MIKEINAMAZE/MikeInMaze
-logFile
Logs/AssetImportWorker0.log
-srvPort
60927
Successfully changed project path to: C:/Users/yliu821/Documents/Unity/MIKEINAMAZE/MikeInMaze
C:/Users/yliu821/Documents/Unity/MIKEINAMAZE/MikeInMaze
Using Asset Import Pipeline V2.
Refreshing native plugins compatible for Editor in 78.36 ms, found 1 plugins.
Preloading 0 native plugins for Editor in 0.00 ms.
Initialize engine version: 2021.1.6f1 (c0fade0cc7e9)
[Subsystems] Discovering subsystems at path C:/Program Files/Unity 2021.1.6f1/Editor/Data/Resources/UnitySubsystems
[Subsystems] Discovering subsystems at path C:/Users/yliu821/Documents/Unity/MIKEINAMAZE/MikeInMaze/Assets
GfxDevice: creating device client; threaded=0; jobified=0
Direct3D:
    Version:  Direct3D 11.0 [level 11.1]
    Renderer: NVIDIA GeForce GTX 980 (ID=0x13c0)
    Vendor:   NVIDIA
    VRAM:     4053 MB
    Driver:   27.21.14.5671
Initialize mono
Mono path[0] = 'C:/Program Files/Unity 2021.1.6f1/Editor/Data/Managed'
Mono path[1] = 'C:/Program Files/Unity 2021.1.6f1/Editor/Data/MonoBleedingEdge/lib/mono/unityjit'
Mono config path = 'C:/Program Files/Unity 2021.1.6f1/Editor/Data/MonoBleedingEdge/etc'
Using monoOptions --debugger-agent=transport=dt_socket,embedding=1,server=y,suspend=n,address=127.0.0.1:56004
Begin MonoManager ReloadAssembly
Registering precompiled unity dll's ...
Register platform support module: C:/Program Files/Unity 2021.1.6f1/Editor/Data/PlaybackEngines/WindowsStandaloneSupport/UnityEditor.WindowsStandalone.Extensions.dll
Registered in 0.002094 seconds.
Native extension for WindowsStandalone target not found
Refreshing native plugins compatible for Editor in 115.16 ms, found 1 plugins.
Preloading 0 native plugins for Editor in 0.00 ms.
Mono: successfully reloaded assembly
- Completed reload, in  1.534 seconds
Platform modules already initialized, skipping
Registering precompiled user dll's ...
Registered in 0.003573 seconds.
Begin MonoManager ReloadAssembly
Native extension for WindowsStandalone target not found
Refreshing native plugins compatible for Editor in 0.68 ms, found 1 plugins.
Preloading 0 native plugins for Editor in 0.00 ms.
Mono: successfully reloaded assembly
- Completed reload, in  1.025 seconds
Platform modules already initialized, skipping
========================================================================
Worker process is ready to serve import requests
Launched and connected shader compiler UnityShaderCompiler.exe after 0.09 seconds
Refreshing native plugins compatible for Editor in 0.75 ms, found 1 plugins.
Preloading 0 native plugins for Editor in 0.00 ms.
Unloading 2675 Unused Serialized files (Serialized files now loaded: 0)
System memory in use before: 98.4 MB.
System memory in use after: 98.6 MB.

Unloading 15 unused Assets to reduce memory usage. Loaded Objects now: 3128.
Total: 2.648600 ms (FindLiveObjects: 0.275600 ms CreateObjectMapping: 0.134200 ms MarkObjects: 2.135200 ms  DeleteObjects: 0.102400 ms)

========================================================================
Received Import Request.
  path: Assets/MazeGenerator
  artifactKey: Guid(106c8cde9bd72ec4f8d7e9ff386737ec) Importer(815301076,1909f56bfc062723c751e8b465ee728b)
Start importing Assets/MazeGenerator using Guid(106c8cde9bd72ec4f8d7e9ff386737ec) Importer(815301076,1909f56bfc062723c751e8b465ee728b)  -> (artifact id: 'e98290f321fc6beb45c71c3f4ae2d5ad') in 0.005906 seconds 
========================================================================
Received Import Request.
  Time since last request: 0.000330 seconds.
  path: Assets/MazeGenerator/demo.unity
  artifactKey: Guid(5f66713930f36f84a865122d99889d76) Importer(815301076,1909f56bfc062723c751e8b465ee728b)
Start importing Assets/MazeGenerator/demo.unity using Guid(5f66713930f36f84a865122d99889d76) Importer(815301076,1909f56bfc062723c751e8b465ee728b)  -> (artifact id: '3258d49e1e6485c2e25e1007948e1d8c') in 0.009978 seconds 
========================================================================
Received Import Request.
  Time since last request: 8.061266 seconds.
  path: Assets/Scenes/Maze scene.unity
  artifactKey: Guid(9fc0d4010bbf28b4594072e72b8655ab) Importer(815301076,1909f56bfc062723c751e8b465ee728b)
Start importing Assets/Scenes/Maze scene.unity using Guid(9fc0d4010bbf28b4594072e72b8655ab) Importer(815301076,1909f56bfc062723c751e8b465ee728b)  -> (artifact id: '50ebccc976dbc8b8cd89a29df778e0fa') in 0.003581 seconds 
========================================================================
Received Import Request.
  Time since last request: 1381.148373 seconds.
  path: Assets/MazeGenerator/Materials/BallMaterial.mat
  artifactKey: Guid(5479d13a608f99e4baf825fbea6b589a) Importer(815301076,1909f56bfc062723c751e8b465ee728b)
Start importing Assets/MazeGenerator/Materials/BallMaterial.mat using Guid(5479d13a608f99e4baf825fbea6b589a) Importer(815301076,1909f56bfc062723c751e8b465ee728b)  -> (artifact id: 'd350153ae5d8d5e21c2a0ace3375296e') in 0.130773 seconds 
========================================================================
Received Import Request.
  Time since last request: 0.000215 seconds.
  path: Assets/MazeGenerator/Materials/FloorMaterial.mat
  artifactKey: Guid(7a8a2e1823a0ea24eb2bd7253739cefd) Importer(815301076,1909f56bfc062723c751e8b465ee728b)
Start importing Assets/MazeGenerator/Materials/FloorMaterial.mat using Guid(7a8a2e1823a0ea24eb2bd7253739cefd) Importer(815301076,1909f56bfc062723c751e8b465ee728b)  -> (artifact id: 'e7aecf855cfe32c77ef63c06fc70d203') in 0.010510 seconds 
========================================================================
Received Import Request.
  Time since last request: 0.000376 seconds.
  path: Assets/MazeGenerator/Meshes/Materials/No Name.mat
  artifactKey: Guid(acb2758da586e434abd3d52c36035331) Importer(815301076,1909f56bfc062723c751e8b465ee728b)
Start importing Assets/MazeGenerator/Meshes/Materials/No Name.mat using Guid(acb2758da586e434abd3d52c36035331) Importer(815301076,1909f56bfc062723c751e8b465ee728b)  -> (artifact id: 'cf85f0ea55457b50647cf4a6f91f02ef') in 0.011022 seconds 
========================================================================
Received Import Request.
  Time since last request: 0.000282 seconds.
  path: Assets/MazeGenerator/Materials/coin_tex.mat
  artifactKey: Guid(9a78d60d04b040642ade6978784c98fa) Importer(815301076,1909f56bfc062723c751e8b465ee728b)
Start importing Assets/MazeGenerator/Materials/coin_tex.mat using Guid(9a78d60d04b040642ade6978784c98fa) Importer(815301076,1909f56bfc062723c751e8b465ee728b)  -> (artifact id: '6e4b91d8b372d503a6d2985517e52744') in 0.014297 seconds 
========================================================================
Received Import Request.
  Time since last request: 0.000403 seconds.
  path: Assets/MazeGenerator/Materials/PillarMaterial.mat
  artifactKey: Guid(bc278c78615aefa49a317bf62f6526fb) Importer(815301076,1909f56bfc062723c751e8b465ee728b)
Start importing Assets/MazeGenerator/Materials/PillarMaterial.mat using Guid(bc278c78615aefa49a317bf62f6526fb) Importer(815301076,1909f56bfc062723c751e8b465ee728b)  -> (artifact id: '54e7f73597b58ae5aa9f0d18d2179033') in 0.010153 seconds 
========================================================================
Received Import Request.
  Time since last request: 0.000301 seconds.
  path: Assets/MazeGenerator/Meshes/Materials/Material.mat
  artifactKey: Guid(c6088cd576380ea48927d3418b6496c9) Importer(815301076,1909f56bfc062723c751e8b465ee728b)
Start importing Assets/MazeGenerator/Meshes/Materials/Material.mat using Guid(c6088cd576380ea48927d3418b6496c9) Importer(815301076,1909f56bfc062723c751e8b465ee728b)  -> (artifact id: '0f4bd7b3fa531d4064f0ea032112658d') in 0.010242 seconds 
========================================================================
Received Import Request.
  Time since last request: 0.000516 seconds.
  path: Assets/MazeGenerator/Materials/WallMaterial.mat
  artifactKey: Guid(47c87a00e35b22140b638d8939ea89bf) Importer(815301076,1909f56bfc062723c751e8b465ee728b)
Start importing Assets/MazeGenerator/Materials/WallMaterial.mat using Guid(47c87a00e35b22140b638d8939ea89bf) Importer(815301076,1909f56bfc062723c751e8b465ee728b)  -> (artifact id: '15f6048cb4ae66829a01d8ecb2b16647') in 0.024678 seconds 
