Using pre-set license
Built from '2021.1/staging' branch; Version is '2021.1.6f1 (c0fade0cc7e9) revision 12647134'; Using compiler version '192528614'; Build Type 'Release'
OS: 'Windows 10 Home; OS build 22000.556; Version 2009; 64bit' Language: 'zh' Physical Memory: 16235 MB
BatchMode: 1, IsHumanControllingUs: 0, StartBugReporterOnCrash: 0, Is64bit: 1, IsPro: 0

 COMMAND LINE ARGUMENTS:
C:\Program Files\Unity\Hub\Editor\2021.1.6f1\Editor\Unity.exe
-adb2
-batchMode
-noUpm
-name
AssetImportWorker0
-projectPath
C:/Users/saou3/Documents/GitHub/MIKEINAMAZE/MikeInMaze
-logFile
Logs/AssetImportWorker0.log
-srvPort
59078
Successfully changed project path to: C:/Users/saou3/Documents/GitHub/MIKEINAMAZE/MikeInMaze
C:/Users/saou3/Documents/GitHub/MIKEINAMAZE/MikeInMaze
Using Asset Import Pipeline V2.
Refreshing native plugins compatible for Editor in 99.79 ms, found 1 plugins.
Preloading 0 native plugins for Editor in 0.00 ms.
Initialize engine version: 2021.1.6f1 (c0fade0cc7e9)
[Subsystems] Discovering subsystems at path C:/Program Files/Unity/Hub/Editor/2021.1.6f1/Editor/Data/Resources/UnitySubsystems
[Subsystems] Discovering subsystems at path C:/Users/saou3/Documents/GitHub/MIKEINAMAZE/MikeInMaze/Assets
GfxDevice: creating device client; threaded=0; jobified=0
Direct3D:
    Version:  Direct3D 11.0 [level 11.1]
    Renderer: NVIDIA GeForce GTX 1050 (ID=0x1c8d)
    Vendor:   NVIDIA
    VRAM:     4019 MB
    Driver:   30.0.15.1179
Initialize mono
Mono path[0] = 'C:/Program Files/Unity/Hub/Editor/2021.1.6f1/Editor/Data/Managed'
Mono path[1] = 'C:/Program Files/Unity/Hub/Editor/2021.1.6f1/Editor/Data/MonoBleedingEdge/lib/mono/unityjit'
Mono config path = 'C:/Program Files/Unity/Hub/Editor/2021.1.6f1/Editor/Data/MonoBleedingEdge/etc'
Using monoOptions --debugger-agent=transport=dt_socket,embedding=1,server=y,suspend=n,address=127.0.0.1:56452
Begin MonoManager ReloadAssembly
Registering precompiled unity dll's ...
Register platform support module: C:/Program Files/Unity/Hub/Editor/2021.1.6f1/Editor/Data/PlaybackEngines/WindowsStandaloneSupport/UnityEditor.WindowsStandalone.Extensions.dll
Registered in 0.001451 seconds.
Native extension for WindowsStandalone target not found
Refreshing native plugins compatible for Editor in 110.45 ms, found 1 plugins.
Preloading 0 native plugins for Editor in 0.00 ms.
Mono: successfully reloaded assembly
- Completed reload, in  1.336 seconds
Platform modules already initialized, skipping
Registering precompiled user dll's ...
Registered in 0.003204 seconds.
Begin MonoManager ReloadAssembly
Native extension for WindowsStandalone target not found
Refreshing native plugins compatible for Editor in 0.57 ms, found 1 plugins.
Preloading 0 native plugins for Editor in 0.00 ms.
Mono: successfully reloaded assembly
- Completed reload, in  1.276 seconds
Platform modules already initialized, skipping
========================================================================
Worker process is ready to serve import requests
Launched and connected shader compiler UnityShaderCompiler.exe after 0.06 seconds
Refreshing native plugins compatible for Editor in 0.52 ms, found 1 plugins.
Preloading 0 native plugins for Editor in 0.00 ms.
Unloading 2675 Unused Serialized files (Serialized files now loaded: 0)
System memory in use before: 98.5 MB.
System memory in use after: 98.7 MB.

Unloading 15 unused Assets to reduce memory usage. Loaded Objects now: 3128.
Total: 2.274500 ms (FindLiveObjects: 0.229300 ms CreateObjectMapping: 0.114500 ms MarkObjects: 1.859800 ms  DeleteObjects: 0.069800 ms)

========================================================================
Received Import Request.
  path: Assets/MazeGenerator
  artifactKey: Guid(106c8cde9bd72ec4f8d7e9ff386737ec) Importer(815301076,1909f56bfc062723c751e8b465ee728b)
Start importing Assets/MazeGenerator using Guid(106c8cde9bd72ec4f8d7e9ff386737ec) Importer(815301076,1909f56bfc062723c751e8b465ee728b)  -> (artifact id: 'e98290f321fc6beb45c71c3f4ae2d5ad') in 0.004854 seconds 
========================================================================
Received Import Request.
  Time since last request: 0.000355 seconds.
  path: Assets/Scenes
  artifactKey: Guid(dd726ce137a78ca4284411674147d173) Importer(815301076,1909f56bfc062723c751e8b465ee728b)
Start importing Assets/Scenes using Guid(dd726ce137a78ca4284411674147d173) Importer(815301076,1909f56bfc062723c751e8b465ee728b)  -> (artifact id: 'ddb784386de369b1a623f91541f390a3') in 0.006579 seconds 
========================================================================
Received Import Request.
  Time since last request: 9.179648 seconds.
  path: Assets/Scenes/Playermovement.cs
  artifactKey: Guid(03d2fb9aed52be745801bdebdf4887cb) Importer(815301076,1909f56bfc062723c751e8b465ee728b)
Start importing Assets/Scenes/Playermovement.cs using Guid(03d2fb9aed52be745801bdebdf4887cb) Importer(815301076,1909f56bfc062723c751e8b465ee728b)  -> (artifact id: 'e8ab4b0b801cbfb8c379a7f22af89a17') in 0.077367 seconds 
========================================================================
Received Prepare
Registering precompiled user dll's ...
Registered in 0.006750 seconds.
Begin MonoManager ReloadAssembly
Native extension for WindowsStandalone target not found
Refreshing native plugins compatible for Editor in 0.56 ms, found 1 plugins.
Preloading 0 native plugins for Editor in 0.00 ms.
Mono: successfully reloaded assembly
- Completed reload, in  1.538 seconds
Platform modules already initialized, skipping
Refreshing native plugins compatible for Editor in 0.69 ms, found 1 plugins.
Preloading 0 native plugins for Editor in 0.00 ms.
Unloading 2670 Unused Serialized files (Serialized files now loaded: 0)
System memory in use before: 98.5 MB.
System memory in use after: 98.7 MB.

Unloading 10 unused Assets to reduce memory usage. Loaded Objects now: 3131.
Total: 2.867300 ms (FindLiveObjects: 0.340300 ms CreateObjectMapping: 0.161800 ms MarkObjects: 2.304900 ms  DeleteObjects: 0.058700 ms)

========================================================================
Received Prepare
Registering precompiled user dll's ...
Registered in 0.003402 seconds.
Begin MonoManager ReloadAssembly
Native extension for WindowsStandalone target not found
Refreshing native plugins compatible for Editor in 0.90 ms, found 1 plugins.
Preloading 0 native plugins for Editor in 0.00 ms.
Mono: successfully reloaded assembly
- Completed reload, in  1.012 seconds
Platform modules already initialized, skipping
Refreshing native plugins compatible for Editor in 0.60 ms, found 1 plugins.
Preloading 0 native plugins for Editor in 0.00 ms.
Unloading 2671 Unused Serialized files (Serialized files now loaded: 0)
System memory in use before: 98.6 MB.
System memory in use after: 98.8 MB.

Unloading 10 unused Assets to reduce memory usage. Loaded Objects now: 3135.
Total: 2.661300 ms (FindLiveObjects: 0.254500 ms CreateObjectMapping: 0.243200 ms MarkObjects: 2.105200 ms  DeleteObjects: 0.057300 ms)

========================================================================
Received Import Request.
  Time since last request: 62.243798 seconds.
  path: Assets/Scenes/PlayerMovementTutorial.cs
  artifactKey: Guid(de9838aaa3da68746a5d93b92ecb26a0) Importer(815301076,1909f56bfc062723c751e8b465ee728b)
Start importing Assets/Scenes/PlayerMovementTutorial.cs using Guid(de9838aaa3da68746a5d93b92ecb26a0) Importer(815301076,1909f56bfc062723c751e8b465ee728b)  -> (artifact id: 'bcc2611034094d55b5d3738553149835') in 0.009864 seconds 
========================================================================
Received Import Request.
  Time since last request: 1.085555 seconds.
  path: Assets/Scenes/MazeV1.unity
  artifactKey: Guid(9fc0d4010bbf28b4594072e72b8655ab) Importer(815301076,1909f56bfc062723c751e8b465ee728b)
Start importing Assets/Scenes/MazeV1.unity using Guid(9fc0d4010bbf28b4594072e72b8655ab) Importer(815301076,1909f56bfc062723c751e8b465ee728b)  -> (artifact id: '5b38bbe070c81ae6f7fa7a887b30d53a') in 0.014802 seconds 
========================================================================
Received Prepare
Registering precompiled user dll's ...
Registered in 0.003566 seconds.
Begin MonoManager ReloadAssembly
Native extension for WindowsStandalone target not found
Refreshing native plugins compatible for Editor in 0.57 ms, found 1 plugins.
Preloading 0 native plugins for Editor in 0.00 ms.
Mono: successfully reloaded assembly
- Completed reload, in  0.930 seconds
Platform modules already initialized, skipping
Refreshing native plugins compatible for Editor in 0.44 ms, found 1 plugins.
Preloading 0 native plugins for Editor in 0.00 ms.
Unloading 2671 Unused Serialized files (Serialized files now loaded: 0)
System memory in use before: 98.6 MB.
System memory in use after: 98.8 MB.

Unloading 10 unused Assets to reduce memory usage. Loaded Objects now: 3138.
Total: 2.197100 ms (FindLiveObjects: 0.208300 ms CreateObjectMapping: 0.100000 ms MarkObjects: 1.841700 ms  DeleteObjects: 0.046400 ms)

========================================================================
Received Prepare
Registering precompiled user dll's ...
Registered in 0.004757 seconds.
Begin MonoManager ReloadAssembly
Native extension for WindowsStandalone target not found
Refreshing native plugins compatible for Editor in 0.49 ms, found 1 plugins.
Preloading 0 native plugins for Editor in 0.00 ms.
Mono: successfully reloaded assembly
- Completed reload, in  1.009 seconds
Platform modules already initialized, skipping
Refreshing native plugins compatible for Editor in 1.04 ms, found 1 plugins.
Preloading 0 native plugins for Editor in 0.00 ms.
Unloading 2670 Unused Serialized files (Serialized files now loaded: 0)
System memory in use before: 98.6 MB.
System memory in use after: 98.8 MB.

Unloading 11 unused Assets to reduce memory usage. Loaded Objects now: 3140.
Total: 2.407000 ms (FindLiveObjects: 0.364600 ms CreateObjectMapping: 0.177500 ms MarkObjects: 1.813900 ms  DeleteObjects: 0.049500 ms)

========================================================================
Received Prepare
Registering precompiled user dll's ...
Registered in 0.003470 seconds.
Begin MonoManager ReloadAssembly
Native extension for WindowsStandalone target not found
Refreshing native plugins compatible for Editor in 0.49 ms, found 1 plugins.
Preloading 0 native plugins for Editor in 0.00 ms.
Mono: successfully reloaded assembly
- Completed reload, in  1.165 seconds
Platform modules already initialized, skipping
Refreshing native plugins compatible for Editor in 0.51 ms, found 1 plugins.
Preloading 0 native plugins for Editor in 0.00 ms.
Unloading 2670 Unused Serialized files (Serialized files now loaded: 0)
System memory in use before: 98.6 MB.
System memory in use after: 98.8 MB.

Unloading 10 unused Assets to reduce memory usage. Loaded Objects now: 3143.
Total: 6.002700 ms (FindLiveObjects: 0.269100 ms CreateObjectMapping: 0.151900 ms MarkObjects: 5.524900 ms  DeleteObjects: 0.055200 ms)

========================================================================
Received Import Request.
  Time since last request: 242.171308 seconds.
  path: Assets/Scenes/MoveSettings.cs
  artifactKey: Guid(99eee836dd9e66842924068536037997) Importer(815301076,1909f56bfc062723c751e8b465ee728b)
Start importing Assets/Scenes/MoveSettings.cs using Guid(99eee836dd9e66842924068536037997) Importer(815301076,1909f56bfc062723c751e8b465ee728b)  -> (artifact id: '448aa756bad033355df1869ac880f95d') in 0.011811 seconds 
========================================================================
Received Prepare
Registering precompiled user dll's ...
Registered in 0.005452 seconds.
Begin MonoManager ReloadAssembly
Native extension for WindowsStandalone target not found
Refreshing native plugins compatible for Editor in 0.50 ms, found 1 plugins.
Preloading 0 native plugins for Editor in 0.00 ms.
Mono: successfully reloaded assembly
- Completed reload, in  1.097 seconds
Platform modules already initialized, skipping
Refreshing native plugins compatible for Editor in 0.54 ms, found 1 plugins.
Preloading 0 native plugins for Editor in 0.00 ms.
Unloading 2671 Unused Serialized files (Serialized files now loaded: 0)
System memory in use before: 98.6 MB.
System memory in use after: 98.8 MB.

Unloading 10 unused Assets to reduce memory usage. Loaded Objects now: 3147.
Total: 2.672800 ms (FindLiveObjects: 0.466700 ms CreateObjectMapping: 0.239200 ms MarkObjects: 1.911100 ms  DeleteObjects: 0.054600 ms)

========================================================================
Received Prepare
Registering precompiled user dll's ...
Registered in 0.002966 seconds.
Begin MonoManager ReloadAssembly
Native extension for WindowsStandalone target not found
Refreshing native plugins compatible for Editor in 0.53 ms, found 1 plugins.
Preloading 0 native plugins for Editor in 0.00 ms.
Mono: successfully reloaded assembly
- Completed reload, in  1.016 seconds
Platform modules already initialized, skipping
Refreshing native plugins compatible for Editor in 1.08 ms, found 1 plugins.
Preloading 0 native plugins for Editor in 0.00 ms.
Unloading 2671 Unused Serialized files (Serialized files now loaded: 0)
System memory in use before: 98.7 MB.
System memory in use after: 98.8 MB.

Unloading 10 unused Assets to reduce memory usage. Loaded Objects now: 3150.
Total: 2.965600 ms (FindLiveObjects: 0.267300 ms CreateObjectMapping: 0.264800 ms MarkObjects: 2.380000 ms  DeleteObjects: 0.052100 ms)

========================================================================
Received Import Request.
  Time since last request: 26.774716 seconds.
  path: Assets/Scenes/MoveSettings.cs
  artifactKey: Guid(99eee836dd9e66842924068536037997) Importer(815301076,1909f56bfc062723c751e8b465ee728b)
Start importing Assets/Scenes/MoveSettings.cs using Guid(99eee836dd9e66842924068536037997) Importer(815301076,1909f56bfc062723c751e8b465ee728b)  -> (artifact id: '5ef8e99066f011f5d05ec11f8fee0939') in 0.006452 seconds 
========================================================================
Received Import Request.
  Time since last request: 22.165657 seconds.
  path: Assets/Scenes/PlayerMove.cs
  artifactKey: Guid(873caf368548ac443a23126ad3c25d78) Importer(815301076,1909f56bfc062723c751e8b465ee728b)
Start importing Assets/Scenes/PlayerMove.cs using Guid(873caf368548ac443a23126ad3c25d78) Importer(815301076,1909f56bfc062723c751e8b465ee728b)  -> (artifact id: 'ee184cfe1fd67041f57d50474fd1e488') in 0.008361 seconds 
========================================================================
Received Prepare
Registering precompiled user dll's ...
Registered in 0.003269 seconds.
Begin MonoManager ReloadAssembly
Native extension for WindowsStandalone target not found
Refreshing native plugins compatible for Editor in 0.54 ms, found 1 plugins.
Preloading 0 native plugins for Editor in 0.00 ms.
Mono: successfully reloaded assembly
- Completed reload, in  1.072 seconds
Platform modules already initialized, skipping
Refreshing native plugins compatible for Editor in 0.79 ms, found 1 plugins.
Preloading 0 native plugins for Editor in 0.00 ms.
Unloading 2672 Unused Serialized files (Serialized files now loaded: 0)
System memory in use before: 98.7 MB.
System memory in use after: 98.9 MB.

Unloading 10 unused Assets to reduce memory usage. Loaded Objects now: 3154.
Total: 3.958300 ms (FindLiveObjects: 0.439500 ms CreateObjectMapping: 0.246900 ms MarkObjects: 3.178500 ms  DeleteObjects: 0.092000 ms)

========================================================================
Received Prepare
Registering precompiled user dll's ...
Registered in 0.003746 seconds.
Begin MonoManager ReloadAssembly
Native extension for WindowsStandalone target not found
Refreshing native plugins compatible for Editor in 0.56 ms, found 1 plugins.
Preloading 0 native plugins for Editor in 0.00 ms.
Mono: successfully reloaded assembly
- Completed reload, in  1.256 seconds
Platform modules already initialized, skipping
Refreshing native plugins compatible for Editor in 0.57 ms, found 1 plugins.
Preloading 0 native plugins for Editor in 0.00 ms.
Unloading 2672 Unused Serialized files (Serialized files now loaded: 0)
System memory in use before: 98.7 MB.
System memory in use after: 98.9 MB.

Unloading 10 unused Assets to reduce memory usage. Loaded Objects now: 3157.
Total: 2.220900 ms (FindLiveObjects: 0.226800 ms CreateObjectMapping: 0.151600 ms MarkObjects: 1.796900 ms  DeleteObjects: 0.044500 ms)

========================================================================
Received Import Request.
  Time since last request: 25.804478 seconds.
  path: Assets/Scenes/PlayerMove.cs
  artifactKey: Guid(873caf368548ac443a23126ad3c25d78) Importer(815301076,1909f56bfc062723c751e8b465ee728b)
Start importing Assets/Scenes/PlayerMove.cs using Guid(873caf368548ac443a23126ad3c25d78) Importer(815301076,1909f56bfc062723c751e8b465ee728b)  -> (artifact id: '197ec243e58cc5653438ecff2fe05e6e') in 0.007989 seconds 
========================================================================
Received Import Request.
  Time since last request: 14.088974 seconds.
  path: Assets/Scenes/MouseMove.cs
  artifactKey: Guid(8abac82b414ce9a489cb7ee3b4daa00b) Importer(815301076,1909f56bfc062723c751e8b465ee728b)
Start importing Assets/Scenes/MouseMove.cs using Guid(8abac82b414ce9a489cb7ee3b4daa00b) Importer(815301076,1909f56bfc062723c751e8b465ee728b)  -> (artifact id: 'b46f0c16cb4a22773f4dc2303d5cca94') in 0.008195 seconds 
========================================================================
Received Prepare
Registering precompiled user dll's ...
Registered in 0.004593 seconds.
Begin MonoManager ReloadAssembly
Native extension for WindowsStandalone target not found
Refreshing native plugins compatible for Editor in 0.58 ms, found 1 plugins.
Preloading 0 native plugins for Editor in 0.00 ms.
Mono: successfully reloaded assembly
- Completed reload, in  1.149 seconds
Platform modules already initialized, skipping
Refreshing native plugins compatible for Editor in 1.53 ms, found 1 plugins.
Preloading 0 native plugins for Editor in 0.00 ms.
Unloading 2673 Unused Serialized files (Serialized files now loaded: 0)
System memory in use before: 98.7 MB.
System memory in use after: 98.9 MB.

Unloading 10 unused Assets to reduce memory usage. Loaded Objects now: 3161.
Total: 3.609600 ms (FindLiveObjects: 0.239400 ms CreateObjectMapping: 0.154200 ms MarkObjects: 3.144100 ms  DeleteObjects: 0.070200 ms)

========================================================================
Received Prepare
Registering precompiled user dll's ...
Registered in 0.003769 seconds.
Begin MonoManager ReloadAssembly
Native extension for WindowsStandalone target not found
Refreshing native plugins compatible for Editor in 0.60 ms, found 1 plugins.
Preloading 0 native plugins for Editor in 0.00 ms.
Mono: successfully reloaded assembly
- Completed reload, in  1.225 seconds
Platform modules already initialized, skipping
Refreshing native plugins compatible for Editor in 0.92 ms, found 1 plugins.
Preloading 0 native plugins for Editor in 0.00 ms.
Unloading 2673 Unused Serialized files (Serialized files now loaded: 0)
System memory in use before: 98.7 MB.
System memory in use after: 98.9 MB.

Unloading 10 unused Assets to reduce memory usage. Loaded Objects now: 3164.
Total: 3.596000 ms (FindLiveObjects: 0.878100 ms CreateObjectMapping: 0.270900 ms MarkObjects: 2.270000 ms  DeleteObjects: 0.175400 ms)

========================================================================
Received Import Request.
  Time since last request: 19.181790 seconds.
  path: Assets/Scenes/MouseMove.cs
  artifactKey: Guid(8abac82b414ce9a489cb7ee3b4daa00b) Importer(815301076,1909f56bfc062723c751e8b465ee728b)
Start importing Assets/Scenes/MouseMove.cs using Guid(8abac82b414ce9a489cb7ee3b4daa00b) Importer(815301076,1909f56bfc062723c751e8b465ee728b)  -> (artifact id: 'a83ad3c6b0fca0f1973c4db4a2aa0c70') in 0.012510 seconds 
========================================================================
Received Import Request.
  Time since last request: 7.247852 seconds.
  path: Assets/Scenes/MouseLook.cs
  artifactKey: Guid(8abac82b414ce9a489cb7ee3b4daa00b) Importer(815301076,1909f56bfc062723c751e8b465ee728b)
Start importing Assets/Scenes/MouseLook.cs using Guid(8abac82b414ce9a489cb7ee3b4daa00b) Importer(815301076,1909f56bfc062723c751e8b465ee728b)  -> (artifact id: 'a599f4e630d6faab0b531eba1acc0bbe') in 0.013891 seconds 
========================================================================
Received Prepare
Registering precompiled user dll's ...
Registered in 0.003791 seconds.
Begin MonoManager ReloadAssembly
Native extension for WindowsStandalone target not found
Refreshing native plugins compatible for Editor in 0.55 ms, found 1 plugins.
Preloading 0 native plugins for Editor in 0.00 ms.
Mono: successfully reloaded assembly
- Completed reload, in  1.479 seconds
Platform modules already initialized, skipping
Refreshing native plugins compatible for Editor in 0.62 ms, found 1 plugins.
Preloading 0 native plugins for Editor in 0.00 ms.
Unloading 2673 Unused Serialized files (Serialized files now loaded: 0)
System memory in use before: 98.7 MB.
System memory in use after: 98.9 MB.

Unloading 10 unused Assets to reduce memory usage. Loaded Objects now: 3167.
Total: 2.222100 ms (FindLiveObjects: 0.241400 ms CreateObjectMapping: 0.144800 ms MarkObjects: 1.788200 ms  DeleteObjects: 0.046500 ms)

========================================================================
Received Import Request.
  Time since last request: 16.980484 seconds.
  path: Assets/Scenes/MouseMove.cs
  artifactKey: Guid(adb4010a73d9ac94bb2d67e9bd1a5c9b) Importer(815301076,1909f56bfc062723c751e8b465ee728b)
Start importing Assets/Scenes/MouseMove.cs using Guid(adb4010a73d9ac94bb2d67e9bd1a5c9b) Importer(815301076,1909f56bfc062723c751e8b465ee728b)  -> (artifact id: '0a8072fe5a613adf3dc418afa8d0054c') in 0.006918 seconds 
========================================================================
Received Prepare
Registering precompiled user dll's ...
Registered in 0.003284 seconds.
Begin MonoManager ReloadAssembly
Native extension for WindowsStandalone target not found
Refreshing native plugins compatible for Editor in 0.50 ms, found 1 plugins.
Preloading 0 native plugins for Editor in 0.00 ms.
Mono: successfully reloaded assembly
- Completed reload, in  1.005 seconds
Platform modules already initialized, skipping
Refreshing native plugins compatible for Editor in 0.71 ms, found 1 plugins.
Preloading 0 native plugins for Editor in 0.00 ms.
Unloading 2673 Unused Serialized files (Serialized files now loaded: 0)
System memory in use before: 98.7 MB.
System memory in use after: 98.9 MB.

Unloading 11 unused Assets to reduce memory usage. Loaded Objects now: 3170.
Total: 3.273800 ms (FindLiveObjects: 0.272900 ms CreateObjectMapping: 0.156700 ms MarkObjects: 2.785300 ms  DeleteObjects: 0.057400 ms)

========================================================================
Received Import Request.
  Time since last request: 23.576666 seconds.
  path: Assets/Scenes/MouseLook.cs
  artifactKey: Guid(adb4010a73d9ac94bb2d67e9bd1a5c9b) Importer(815301076,1909f56bfc062723c751e8b465ee728b)
Start importing Assets/Scenes/MouseLook.cs using Guid(adb4010a73d9ac94bb2d67e9bd1a5c9b) Importer(815301076,1909f56bfc062723c751e8b465ee728b)  -> (artifact id: 'a33ce4a6a091c0254472927a002bcc3e') in 0.006521 seconds 
========================================================================
Received Prepare
Registering precompiled user dll's ...
Registered in 0.002939 seconds.
Begin MonoManager ReloadAssembly
Native extension for WindowsStandalone target not found
Refreshing native plugins compatible for Editor in 0.51 ms, found 1 plugins.
Preloading 0 native plugins for Editor in 0.00 ms.
Mono: successfully reloaded assembly
- Completed reload, in  1.055 seconds
Platform modules already initialized, skipping
Refreshing native plugins compatible for Editor in 0.96 ms, found 1 plugins.
Preloading 0 native plugins for Editor in 0.00 ms.
Unloading 2673 Unused Serialized files (Serialized files now loaded: 0)
System memory in use before: 98.7 MB.
System memory in use after: 98.9 MB.

Unloading 10 unused Assets to reduce memory usage. Loaded Objects now: 3173.
Total: 2.326000 ms (FindLiveObjects: 0.243200 ms CreateObjectMapping: 0.130600 ms MarkObjects: 1.902000 ms  DeleteObjects: 0.048600 ms)

========================================================================
Received Import Request.
  Time since last request: 16.035488 seconds.
  path: Assets/Scenes/mouseLook.cs
  artifactKey: Guid(adb4010a73d9ac94bb2d67e9bd1a5c9b) Importer(815301076,1909f56bfc062723c751e8b465ee728b)
Start importing Assets/Scenes/mouseLook.cs using Guid(adb4010a73d9ac94bb2d67e9bd1a5c9b) Importer(815301076,1909f56bfc062723c751e8b465ee728b)  -> (artifact id: '7d2148915580b3f85d9e9aae6921d5c4') in 0.013311 seconds 
========================================================================
Received Prepare
Registering precompiled user dll's ...
Registered in 0.003684 seconds.
Begin MonoManager ReloadAssembly
Native extension for WindowsStandalone target not found
Refreshing native plugins compatible for Editor in 0.51 ms, found 1 plugins.
Preloading 0 native plugins for Editor in 0.00 ms.
Mono: successfully reloaded assembly
- Completed reload, in  0.996 seconds
Platform modules already initialized, skipping
Refreshing native plugins compatible for Editor in 0.55 ms, found 1 plugins.
Preloading 0 native plugins for Editor in 0.00 ms.
Unloading 2673 Unused Serialized files (Serialized files now loaded: 0)
System memory in use before: 98.7 MB.
System memory in use after: 98.9 MB.

Unloading 10 unused Assets to reduce memory usage. Loaded Objects now: 3176.
Total: 2.281700 ms (FindLiveObjects: 0.260100 ms CreateObjectMapping: 0.111400 ms MarkObjects: 1.866200 ms  DeleteObjects: 0.043000 ms)

========================================================================
Received Prepare
Registering precompiled user dll's ...
Registered in 0.003616 seconds.
Begin MonoManager ReloadAssembly
Native extension for WindowsStandalone target not found
Refreshing native plugins compatible for Editor in 0.58 ms, found 1 plugins.
Preloading 0 native plugins for Editor in 0.00 ms.
Mono: successfully reloaded assembly
- Completed reload, in  0.966 seconds
Platform modules already initialized, skipping
Refreshing native plugins compatible for Editor in 0.53 ms, found 1 plugins.
Preloading 0 native plugins for Editor in 0.00 ms.
Unloading 2673 Unused Serialized files (Serialized files now loaded: 0)
System memory in use before: 98.7 MB.
System memory in use after: 98.9 MB.

Unloading 10 unused Assets to reduce memory usage. Loaded Objects now: 3179.
Total: 2.333300 ms (FindLiveObjects: 0.268700 ms CreateObjectMapping: 0.144000 ms MarkObjects: 1.874900 ms  DeleteObjects: 0.044700 ms)

========================================================================
Received Import Request.
  Time since last request: 250.752512 seconds.
  path: Assets/Scenes/MovementSetting.cs
  artifactKey: Guid(140619e9c3db658408652b6adfa40c0b) Importer(815301076,1909f56bfc062723c751e8b465ee728b)
Start importing Assets/Scenes/MovementSetting.cs using Guid(140619e9c3db658408652b6adfa40c0b) Importer(815301076,1909f56bfc062723c751e8b465ee728b)  -> (artifact id: '7c506dd1c6e7d10a8454caffc8290421') in 0.013061 seconds 
========================================================================
Received Prepare
Registering precompiled user dll's ...
Registered in 0.004759 seconds.
Begin MonoManager ReloadAssembly
Native extension for WindowsStandalone target not found
Refreshing native plugins compatible for Editor in 0.63 ms, found 1 plugins.
Preloading 0 native plugins for Editor in 0.00 ms.
Mono: successfully reloaded assembly
- Completed reload, in  1.022 seconds
Platform modules already initialized, skipping
Refreshing native plugins compatible for Editor in 0.52 ms, found 1 plugins.
Preloading 0 native plugins for Editor in 0.00 ms.
Unloading 2674 Unused Serialized files (Serialized files now loaded: 0)
System memory in use before: 98.8 MB.
System memory in use after: 99.0 MB.

Unloading 10 unused Assets to reduce memory usage. Loaded Objects now: 3183.
Total: 2.341000 ms (FindLiveObjects: 0.235300 ms CreateObjectMapping: 0.138800 ms MarkObjects: 1.919200 ms  DeleteObjects: 0.046800 ms)

========================================================================
Received Prepare
Registering precompiled user dll's ...
Registered in 0.004416 seconds.
Begin MonoManager ReloadAssembly
Native extension for WindowsStandalone target not found
Refreshing native plugins compatible for Editor in 0.52 ms, found 1 plugins.
Preloading 0 native plugins for Editor in 0.00 ms.
Mono: successfully reloaded assembly
- Completed reload, in  1.089 seconds
Platform modules already initialized, skipping
Refreshing native plugins compatible for Editor in 0.60 ms, found 1 plugins.
Preloading 0 native plugins for Editor in 0.00 ms.
Unloading 2674 Unused Serialized files (Serialized files now loaded: 0)
System memory in use before: 98.8 MB.
System memory in use after: 99.0 MB.

Unloading 10 unused Assets to reduce memory usage. Loaded Objects now: 3186.
Total: 2.698800 ms (FindLiveObjects: 0.254100 ms CreateObjectMapping: 0.136200 ms MarkObjects: 2.255100 ms  DeleteObjects: 0.051700 ms)

========================================================================
Received Import Request.
  Time since last request: 51.796061 seconds.
  path: Assets/Scenes/MovementSetting.cs
  artifactKey: Guid(140619e9c3db658408652b6adfa40c0b) Importer(815301076,1909f56bfc062723c751e8b465ee728b)
Start importing Assets/Scenes/MovementSetting.cs using Guid(140619e9c3db658408652b6adfa40c0b) Importer(815301076,1909f56bfc062723c751e8b465ee728b)  -> (artifact id: '90cf907a0bf6a02cd67d843424c36258') in 0.005624 seconds 
========================================================================
Received Prepare
Registering precompiled user dll's ...
Registered in 0.003973 seconds.
Begin MonoManager ReloadAssembly
Native extension for WindowsStandalone target not found
Refreshing native plugins compatible for Editor in 0.69 ms, found 1 plugins.
Preloading 0 native plugins for Editor in 0.00 ms.
Mono: successfully reloaded assembly
- Completed reload, in  1.403 seconds
Platform modules already initialized, skipping
Refreshing native plugins compatible for Editor in 0.92 ms, found 1 plugins.
Preloading 0 native plugins for Editor in 0.00 ms.
Unloading 2674 Unused Serialized files (Serialized files now loaded: 0)
System memory in use before: 98.8 MB.
System memory in use after: 99.0 MB.

Unloading 10 unused Assets to reduce memory usage. Loaded Objects now: 3189.
Total: 8.444600 ms (FindLiveObjects: 0.490500 ms CreateObjectMapping: 0.497600 ms MarkObjects: 7.365500 ms  DeleteObjects: 0.088800 ms)

========================================================================
Received Import Request.
  Time since last request: 75.269181 seconds.
  path: Assets/Scenes/PlayerMove.cs
  artifactKey: Guid(873caf368548ac443a23126ad3c25d78) Importer(815301076,1909f56bfc062723c751e8b465ee728b)
Start importing Assets/Scenes/PlayerMove.cs using Guid(873caf368548ac443a23126ad3c25d78) Importer(815301076,1909f56bfc062723c751e8b465ee728b)  -> (artifact id: '7c0d92ef6edf40d6674e55b33082e113') in 0.012931 seconds 
========================================================================
Received Import Request.
  Time since last request: 29.715624 seconds.
  path: Assets/Scenes/Cube (1).prefab
  artifactKey: Guid(1ca6505b6b3e55b429e068c3e9c8e10b) Importer(815301076,1909f56bfc062723c751e8b465ee728b)
Start importing Assets/Scenes/Cube (1).prefab using Guid(1ca6505b6b3e55b429e068c3e9c8e10b) Importer(815301076,1909f56bfc062723c751e8b465ee728b)  -> (artifact id: '74e88780685e7c956bec189e10a09732') in 0.108246 seconds 
========================================================================
Received Import Request.
  Time since last request: 89.582208 seconds.
  path: Assets/Scenes/PlayerMove.cs
  artifactKey: Guid(873caf368548ac443a23126ad3c25d78) Importer(815301076,1909f56bfc062723c751e8b465ee728b)
Start importing Assets/Scenes/PlayerMove.cs using Guid(873caf368548ac443a23126ad3c25d78) Importer(815301076,1909f56bfc062723c751e8b465ee728b)  -> (artifact id: '8b4763173f4aa8844f6fa66090e9c91d') in 0.002092 seconds 
========================================================================
Received Import Request.
  Time since last request: 51.523139 seconds.
  path: Assets/Scenes/PlayerMove.cs
  artifactKey: Guid(873caf368548ac443a23126ad3c25d78) Importer(815301076,1909f56bfc062723c751e8b465ee728b)
Start importing Assets/Scenes/PlayerMove.cs using Guid(873caf368548ac443a23126ad3c25d78) Importer(815301076,1909f56bfc062723c751e8b465ee728b)  -> (artifact id: 'c4848698ae676dd7b01d57b1bf5bfd13') in 0.003257 seconds 
========================================================================
Received Import Request.
  Time since last request: 101.162471 seconds.
  path: Assets/Scenes/PlayerMove.cs
  artifactKey: Guid(873caf368548ac443a23126ad3c25d78) Importer(815301076,1909f56bfc062723c751e8b465ee728b)
Start importing Assets/Scenes/PlayerMove.cs using Guid(873caf368548ac443a23126ad3c25d78) Importer(815301076,1909f56bfc062723c751e8b465ee728b)  -> (artifact id: '33d4d937743d162c48317028b995df94') in 0.002505 seconds 
========================================================================
Received Prepare
Registering precompiled user dll's ...
Registered in 0.003594 seconds.
Begin MonoManager ReloadAssembly
Native extension for WindowsStandalone target not found
Refreshing native plugins compatible for Editor in 0.52 ms, found 1 plugins.
Preloading 0 native plugins for Editor in 0.00 ms.
Mono: successfully reloaded assembly
- Completed reload, in  1.086 seconds
Platform modules already initialized, skipping
Refreshing native plugins compatible for Editor in 0.71 ms, found 1 plugins.
Preloading 0 native plugins for Editor in 0.00 ms.
Unloading 2674 Unused Serialized files (Serialized files now loaded: 0)
System memory in use before: 102.5 MB.
System memory in use after: 102.6 MB.

Unloading 11 unused Assets to reduce memory usage. Loaded Objects now: 3200.
Total: 2.645900 ms (FindLiveObjects: 0.262400 ms CreateObjectMapping: 0.218400 ms MarkObjects: 2.099600 ms  DeleteObjects: 0.063600 ms)

========================================================================
Received Import Request.
  Time since last request: 80.402489 seconds.
  path: Assets/MazeGenerator/Scripts
  artifactKey: Guid(fb7def7000211304a91fe6f7a5cd6977) Importer(815301076,1909f56bfc062723c751e8b465ee728b)
Start importing Assets/MazeGenerator/Scripts using Guid(fb7def7000211304a91fe6f7a5cd6977) Importer(815301076,1909f56bfc062723c751e8b465ee728b)  -> (artifact id: 'f75dce9f98fcddbf419368a8ced4a608') in 0.019122 seconds 
========================================================================
Received Import Request.
  Time since last request: 3.138372 seconds.
  path: Assets/MazeGenerator/Meshes/coin.fbx
  artifactKey: Guid(2e0734a80e2422f4ebd487a6cfa13917) Importer(815301076,1909f56bfc062723c751e8b465ee728b)
Start importing Assets/MazeGenerator/Meshes/coin.fbx using Guid(2e0734a80e2422f4ebd487a6cfa13917) Importer(815301076,1909f56bfc062723c751e8b465ee728b)  -> (artifact id: 'fa765927d240bcf6c974ba403e08802a') in 0.141929 seconds 
========================================================================
Received Import Request.
  Time since last request: 0.000272 seconds.
  path: Assets/MazeGenerator/Meshes/pillar.fbx
  artifactKey: Guid(de815e9dc2d95a948939d83cfaa32a3d) Importer(815301076,1909f56bfc062723c751e8b465ee728b)
Start importing Assets/MazeGenerator/Meshes/pillar.fbx using Guid(de815e9dc2d95a948939d83cfaa32a3d) Importer(815301076,1909f56bfc062723c751e8b465ee728b)  -> (artifact id: 'b24f20b7cb324c9a4632533731548027') in 0.021841 seconds 
========================================================================
Received Import Request.
  Time since last request: 0.000312 seconds.
  path: Assets/MazeGenerator/Meshes/wall.fbx
  artifactKey: Guid(338a423d70b874743b61e6bf69184e50) Importer(815301076,1909f56bfc062723c751e8b465ee728b)
Start importing Assets/MazeGenerator/Meshes/wall.fbx using Guid(338a423d70b874743b61e6bf69184e50) Importer(815301076,1909f56bfc062723c751e8b465ee728b)  -> (artifact id: '23010f771a38f48e8e91423ac3481e0d') in 0.028422 seconds 
========================================================================
Received Import Request.
  Time since last request: 1.288515 seconds.
  path: Assets/MazeGenerator/Scripts/RandomTreeMazeGenerator.cs
  artifactKey: Guid(bd8d553686353cd45a799027c5419346) Importer(815301076,1909f56bfc062723c751e8b465ee728b)
Start importing Assets/MazeGenerator/Scripts/RandomTreeMazeGenerator.cs using Guid(bd8d553686353cd45a799027c5419346) Importer(815301076,1909f56bfc062723c751e8b465ee728b)  -> (artifact id: 'ae1ad9a457ad75a872ce1664c8adc708') in 0.007076 seconds 
========================================================================
Received Import Request.
  Time since last request: 1.287076 seconds.
  path: Assets/MazeGenerator/Scripts/RecursiveMazeGenerator.cs
  artifactKey: Guid(512236bfaa28e0b42b0c7a2bbac8c250) Importer(815301076,1909f56bfc062723c751e8b465ee728b)
Start importing Assets/MazeGenerator/Scripts/RecursiveMazeGenerator.cs using Guid(512236bfaa28e0b42b0c7a2bbac8c250) Importer(815301076,1909f56bfc062723c751e8b465ee728b)  -> (artifact id: '45a57598b5abc5645c7de55fb6a08bf0') in 0.007406 seconds 
========================================================================
Received Import Request.
  Time since last request: 0.769917 seconds.
  path: Assets/MazeGenerator/Scripts/RecursiveTreeMazeGenerator.cs
  artifactKey: Guid(0dd33a00a84e98349bca8f37b1eab161) Importer(815301076,1909f56bfc062723c751e8b465ee728b)
Start importing Assets/MazeGenerator/Scripts/RecursiveTreeMazeGenerator.cs using Guid(0dd33a00a84e98349bca8f37b1eab161) Importer(815301076,1909f56bfc062723c751e8b465ee728b)  -> (artifact id: '022d54e5885964180dbb7d43930e37fd') in 0.006562 seconds 
========================================================================
Received Import Request.
  Time since last request: 1.181624 seconds.
  path: Assets/MazeGenerator/Scripts/RollerBall.cs
  artifactKey: Guid(48a3aea66c80209468a4c613fe0c6ccb) Importer(815301076,1909f56bfc062723c751e8b465ee728b)
Start importing Assets/MazeGenerator/Scripts/RollerBall.cs using Guid(48a3aea66c80209468a4c613fe0c6ccb) Importer(815301076,1909f56bfc062723c751e8b465ee728b)  -> (artifact id: '7d2dba56c202f250d792429471667325') in 0.007143 seconds 
========================================================================
Received Import Request.
  Time since last request: 5.254975 seconds.
  path: Assets/MazeGenerator/Scripts/TreeMazeGenerator.cs
  artifactKey: Guid(fa39340bb4c7bb04d8a2759574020628) Importer(815301076,1909f56bfc062723c751e8b465ee728b)
Start importing Assets/MazeGenerator/Scripts/TreeMazeGenerator.cs using Guid(fa39340bb4c7bb04d8a2759574020628) Importer(815301076,1909f56bfc062723c751e8b465ee728b)  -> (artifact id: '774eeae758f162cd87759bec75019c85') in 0.007777 seconds 
========================================================================
Received Import Request.
  Time since last request: 2.187375 seconds.
  path: Assets/MazeGenerator/Scripts/OldestTreeMazeGenerator.cs
  artifactKey: Guid(736ceabe7f0d3fe4da41501b34435e51) Importer(815301076,1909f56bfc062723c751e8b465ee728b)
Start importing Assets/MazeGenerator/Scripts/OldestTreeMazeGenerator.cs using Guid(736ceabe7f0d3fe4da41501b34435e51) Importer(815301076,1909f56bfc062723c751e8b465ee728b)  -> (artifact id: '2fc15b99653a508af53887d588f4cd6e') in 0.009325 seconds 
========================================================================
Received Import Request.
  Time since last request: 1.829183 seconds.
  path: Assets/MazeGenerator/Scripts/MazeSpawner.cs
  artifactKey: Guid(4dbd480039f60a344bdc0ff90b9d70b5) Importer(815301076,1909f56bfc062723c751e8b465ee728b)
Start importing Assets/MazeGenerator/Scripts/MazeSpawner.cs using Guid(4dbd480039f60a344bdc0ff90b9d70b5) Importer(815301076,1909f56bfc062723c751e8b465ee728b)  -> (artifact id: '33eea0cf6ab7e9680498769df53e393c') in 0.005915 seconds 
========================================================================
Received Import Request.
  Time since last request: 2.168706 seconds.
  path: Assets/MazeGenerator/Scripts/MazeCell.cs
  artifactKey: Guid(e7f25ae19f2d2a94ea008246c09e0080) Importer(815301076,1909f56bfc062723c751e8b465ee728b)
Start importing Assets/MazeGenerator/Scripts/MazeCell.cs using Guid(e7f25ae19f2d2a94ea008246c09e0080) Importer(815301076,1909f56bfc062723c751e8b465ee728b)  -> (artifact id: 'b7fe1caf1d8bdf8038dd7b6eb87854b4') in 0.007888 seconds 
========================================================================
Received Import Request.
  Time since last request: 0.839808 seconds.
  path: Assets/MazeGenerator/Scripts/DivisionMazeGenerator.cs
  artifactKey: Guid(7691c0af00c3cea4eac81c68887c7074) Importer(815301076,1909f56bfc062723c751e8b465ee728b)
Start importing Assets/MazeGenerator/Scripts/DivisionMazeGenerator.cs using Guid(7691c0af00c3cea4eac81c68887c7074) Importer(815301076,1909f56bfc062723c751e8b465ee728b)  -> (artifact id: '723146a0adaba747650db98bd826be61') in 0.006022 seconds 
========================================================================
Received Import Request.
  Time since last request: 2.251274 seconds.
  path: Assets/MazeGenerator/Scripts/BasicMazeGenerator.cs
  artifactKey: Guid(2943fe151d8e7af42b056cf267f54f5f) Importer(815301076,1909f56bfc062723c751e8b465ee728b)
Start importing Assets/MazeGenerator/Scripts/BasicMazeGenerator.cs using Guid(2943fe151d8e7af42b056cf267f54f5f) Importer(815301076,1909f56bfc062723c751e8b465ee728b)  -> (artifact id: '81ce3d527ed9c622409785c503cca1ec') in 0.006860 seconds 
========================================================================
Received Prepare
Registering precompiled user dll's ...
Registered in 0.008097 seconds.
Begin MonoManager ReloadAssembly
Native extension for WindowsStandalone target not found
Refreshing native plugins compatible for Editor in 0.55 ms, found 1 plugins.
Preloading 0 native plugins for Editor in 0.00 ms.
Mono: successfully reloaded assembly
- Completed reload, in  1.205 seconds
Platform modules already initialized, skipping
Refreshing native plugins compatible for Editor in 0.79 ms, found 1 plugins.
Preloading 0 native plugins for Editor in 0.00 ms.
Unloading 2674 Unused Serialized files (Serialized files now loaded: 0)
System memory in use before: 102.7 MB.
System memory in use after: 102.9 MB.

Unloading 10 unused Assets to reduce memory usage. Loaded Objects now: 3207.
Total: 2.466000 ms (FindLiveObjects: 0.284900 ms CreateObjectMapping: 0.184200 ms MarkObjects: 1.943500 ms  DeleteObjects: 0.052100 ms)

========================================================================
Received Prepare
Registering precompiled user dll's ...
Registered in 0.003635 seconds.
Begin MonoManager ReloadAssembly
Native extension for WindowsStandalone target not found
Refreshing native plugins compatible for Editor in 0.58 ms, found 1 plugins.
Preloading 0 native plugins for Editor in 0.00 ms.
Mono: successfully reloaded assembly
- Completed reload, in  1.457 seconds
Platform modules already initialized, skipping
Refreshing native plugins compatible for Editor in 1.99 ms, found 1 plugins.
Preloading 0 native plugins for Editor in 0.00 ms.
Unloading 2673 Unused Serialized files (Serialized files now loaded: 0)
System memory in use before: 102.6 MB.
System memory in use after: 102.8 MB.

Unloading 11 unused Assets to reduce memory usage. Loaded Objects now: 3209.
Total: 4.974200 ms (FindLiveObjects: 0.341400 ms CreateObjectMapping: 0.172300 ms MarkObjects: 4.358300 ms  DeleteObjects: 0.100200 ms)

========================================================================
Received Import Request.
  Time since last request: 214.750630 seconds.
  path: Assets/Scenes/PlayerMovement.cs
  artifactKey: Guid(03d2fb9aed52be745801bdebdf4887cb) Importer(815301076,1909f56bfc062723c751e8b465ee728b)
Start importing Assets/Scenes/PlayerMovement.cs using Guid(03d2fb9aed52be745801bdebdf4887cb) Importer(815301076,1909f56bfc062723c751e8b465ee728b)  -> (artifact id: '6fe542095985c19bd5e1076b55493636') in 0.013074 seconds 
========================================================================
Received Prepare
Registering precompiled user dll's ...
Registered in 0.007096 seconds.
Begin MonoManager ReloadAssembly
Native extension for WindowsStandalone target not found
Refreshing native plugins compatible for Editor in 0.62 ms, found 1 plugins.
Preloading 0 native plugins for Editor in 0.00 ms.
Mono: successfully reloaded assembly
- Completed reload, in  2.109 seconds
Platform modules already initialized, skipping
Refreshing native plugins compatible for Editor in 1.83 ms, found 1 plugins.
Preloading 0 native plugins for Editor in 0.00 ms.
Unloading 2674 Unused Serialized files (Serialized files now loaded: 0)
System memory in use before: 102.7 MB.
System memory in use after: 102.9 MB.

Unloading 10 unused Assets to reduce memory usage. Loaded Objects now: 3213.
Total: 6.864900 ms (FindLiveObjects: 0.570700 ms CreateObjectMapping: 0.295200 ms MarkObjects: 5.939100 ms  DeleteObjects: 0.057900 ms)

========================================================================
Received Import Request.
  Time since last request: 510.038272 seconds.
  path: Assets/Scenes/PlayerMovement.cs
  artifactKey: Guid(03d2fb9aed52be745801bdebdf4887cb) Importer(815301076,1909f56bfc062723c751e8b465ee728b)
Start importing Assets/Scenes/PlayerMovement.cs using Guid(03d2fb9aed52be745801bdebdf4887cb) Importer(815301076,1909f56bfc062723c751e8b465ee728b)  -> (artifact id: '5cfe1044c22c4dbe67b3ac05ca109175') in 0.010223 seconds 
========================================================================
Received Prepare
Registering precompiled user dll's ...
Registered in 0.003428 seconds.
Begin MonoManager ReloadAssembly
Native extension for WindowsStandalone target not found
Refreshing native plugins compatible for Editor in 0.51 ms, found 1 plugins.
Preloading 0 native plugins for Editor in 0.00 ms.
Mono: successfully reloaded assembly
- Completed reload, in  1.059 seconds
Platform modules already initialized, skipping
Refreshing native plugins compatible for Editor in 0.61 ms, found 1 plugins.
Preloading 0 native plugins for Editor in 0.00 ms.
Unloading 2674 Unused Serialized files (Serialized files now loaded: 0)
System memory in use before: 102.7 MB.
System memory in use after: 102.9 MB.

Unloading 10 unused Assets to reduce memory usage. Loaded Objects now: 3216.
Total: 4.041200 ms (FindLiveObjects: 0.285800 ms CreateObjectMapping: 0.176300 ms MarkObjects: 3.513900 ms  DeleteObjects: 0.063800 ms)

========================================================================
Received Import Request.
  Time since last request: 152.633143 seconds.
  path: Assets/Scenes/PlayerMovement.cs
  artifactKey: Guid(03d2fb9aed52be745801bdebdf4887cb) Importer(815301076,1909f56bfc062723c751e8b465ee728b)
Start importing Assets/Scenes/PlayerMovement.cs using Guid(03d2fb9aed52be745801bdebdf4887cb) Importer(815301076,1909f56bfc062723c751e8b465ee728b)  -> (artifact id: '4dac024f64d087690436f06f1ce83215') in 0.005869 seconds 
========================================================================
Received Prepare
Registering precompiled user dll's ...
Registered in 0.003795 seconds.
Begin MonoManager ReloadAssembly
Native extension for WindowsStandalone target not found
Refreshing native plugins compatible for Editor in 0.51 ms, found 1 plugins.
Preloading 0 native plugins for Editor in 0.00 ms.
Mono: successfully reloaded assembly
- Completed reload, in  1.485 seconds
Platform modules already initialized, skipping
Refreshing native plugins compatible for Editor in 0.53 ms, found 1 plugins.
Preloading 0 native plugins for Editor in 0.00 ms.
Unloading 2674 Unused Serialized files (Serialized files now loaded: 0)
System memory in use before: 102.7 MB.
System memory in use after: 102.9 MB.

Unloading 10 unused Assets to reduce memory usage. Loaded Objects now: 3219.
Total: 2.420000 ms (FindLiveObjects: 0.266200 ms CreateObjectMapping: 0.127700 ms MarkObjects: 1.978400 ms  DeleteObjects: 0.046800 ms)

========================================================================
Received Prepare
Registering precompiled user dll's ...
Registered in 0.003142 seconds.
Begin MonoManager ReloadAssembly
Native extension for WindowsStandalone target not found
Refreshing native plugins compatible for Editor in 0.54 ms, found 1 plugins.
Preloading 0 native plugins for Editor in 0.00 ms.
Mono: successfully reloaded assembly
- Completed reload, in  1.077 seconds
Platform modules already initialized, skipping
Refreshing native plugins compatible for Editor in 0.88 ms, found 1 plugins.
Preloading 0 native plugins for Editor in 0.00 ms.
Unloading 2674 Unused Serialized files (Serialized files now loaded: 0)
System memory in use before: 102.7 MB.
System memory in use after: 102.9 MB.

Unloading 10 unused Assets to reduce memory usage. Loaded Objects now: 3222.
Total: 5.849100 ms (FindLiveObjects: 0.374100 ms CreateObjectMapping: 0.172600 ms MarkObjects: 5.237100 ms  DeleteObjects: 0.063800 ms)

========================================================================
Received Import Request.
  Time since last request: 30.195577 seconds.
  path: Assets/Scenes/PlayerMovement.cs
  artifactKey: Guid(03d2fb9aed52be745801bdebdf4887cb) Importer(815301076,1909f56bfc062723c751e8b465ee728b)
Start importing Assets/Scenes/PlayerMovement.cs using Guid(03d2fb9aed52be745801bdebdf4887cb) Importer(815301076,1909f56bfc062723c751e8b465ee728b)  -> (artifact id: '810f34332886d5c2b71dbc5fa1e1bc9f') in 0.005956 seconds 
========================================================================
Received Prepare
Registering precompiled user dll's ...
Registered in 0.003142 seconds.
Begin MonoManager ReloadAssembly
Native extension for WindowsStandalone target not found
Refreshing native plugins compatible for Editor in 0.55 ms, found 1 plugins.
Preloading 0 native plugins for Editor in 0.00 ms.
Mono: successfully reloaded assembly
- Completed reload, in  0.957 seconds
Platform modules already initialized, skipping
Refreshing native plugins compatible for Editor in 0.52 ms, found 1 plugins.
Preloading 0 native plugins for Editor in 0.00 ms.
Unloading 2674 Unused Serialized files (Serialized files now loaded: 0)
System memory in use before: 102.7 MB.
System memory in use after: 102.9 MB.

Unloading 10 unused Assets to reduce memory usage. Loaded Objects now: 3225.
Total: 2.411600 ms (FindLiveObjects: 0.238600 ms CreateObjectMapping: 0.138900 ms MarkObjects: 1.982900 ms  DeleteObjects: 0.050100 ms)

========================================================================
Received Prepare
Registering precompiled user dll's ...
Registered in 0.003066 seconds.
Begin MonoManager ReloadAssembly
Native extension for WindowsStandalone target not found
Refreshing native plugins compatible for Editor in 0.62 ms, found 1 plugins.
Preloading 0 native plugins for Editor in 0.00 ms.
Mono: successfully reloaded assembly
- Completed reload, in  1.078 seconds
Platform modules already initialized, skipping
Refreshing native plugins compatible for Editor in 2.97 ms, found 1 plugins.
Preloading 0 native plugins for Editor in 0.00 ms.
Unloading 2674 Unused Serialized files (Serialized files now loaded: 0)
System memory in use before: 102.7 MB.
System memory in use after: 102.9 MB.

Unloading 10 unused Assets to reduce memory usage. Loaded Objects now: 3228.
Total: 2.306800 ms (FindLiveObjects: 0.262500 ms CreateObjectMapping: 0.143100 ms MarkObjects: 1.854000 ms  DeleteObjects: 0.045700 ms)

========================================================================
Received Prepare
Registering precompiled user dll's ...
Registered in 0.003081 seconds.
Begin MonoManager ReloadAssembly
Native extension for WindowsStandalone target not found
Refreshing native plugins compatible for Editor in 0.53 ms, found 1 plugins.
Preloading 0 native plugins for Editor in 0.00 ms.
Mono: successfully reloaded assembly
- Completed reload, in  1.022 seconds
Platform modules already initialized, skipping
Refreshing native plugins compatible for Editor in 0.53 ms, found 1 plugins.
Preloading 0 native plugins for Editor in 0.00 ms.
Unloading 2674 Unused Serialized files (Serialized files now loaded: 0)
System memory in use before: 102.7 MB.
System memory in use after: 102.9 MB.

Unloading 10 unused Assets to reduce memory usage. Loaded Objects now: 3231.
Total: 2.507200 ms (FindLiveObjects: 0.301100 ms CreateObjectMapping: 0.131300 ms MarkObjects: 2.020600 ms  DeleteObjects: 0.053100 ms)

========================================================================
Received Prepare
Registering precompiled user dll's ...
Registered in 0.003622 seconds.
Begin MonoManager ReloadAssembly
Native extension for WindowsStandalone target not found
Refreshing native plugins compatible for Editor in 0.53 ms, found 1 plugins.
Preloading 0 native plugins for Editor in 0.00 ms.
Mono: successfully reloaded assembly
- Completed reload, in  0.966 seconds
Platform modules already initialized, skipping
Refreshing native plugins compatible for Editor in 0.48 ms, found 1 plugins.
Preloading 0 native plugins for Editor in 0.00 ms.
Unloading 2671 Unused Serialized files (Serialized files now loaded: 0)
System memory in use before: 102.6 MB.
System memory in use after: 102.8 MB.

Unloading 13 unused Assets to reduce memory usage. Loaded Objects now: 3231.
Total: 2.182600 ms (FindLiveObjects: 0.233900 ms CreateObjectMapping: 0.110200 ms MarkObjects: 1.791300 ms  DeleteObjects: 0.046400 ms)

========================================================================
Received Prepare
Registering precompiled user dll's ...
Registered in 0.003539 seconds.
Begin MonoManager ReloadAssembly
Native extension for WindowsStandalone target not found
Refreshing native plugins compatible for Editor in 0.87 ms, found 1 plugins.
Preloading 0 native plugins for Editor in 0.00 ms.
Mono: successfully reloaded assembly
- Completed reload, in  1.085 seconds
Platform modules already initialized, skipping
Refreshing native plugins compatible for Editor in 0.56 ms, found 1 plugins.
Preloading 0 native plugins for Editor in 0.00 ms.
Unloading 2671 Unused Serialized files (Serialized files now loaded: 0)
System memory in use before: 102.6 MB.
System memory in use after: 102.8 MB.

Unloading 10 unused Assets to reduce memory usage. Loaded Objects now: 3234.
Total: 2.454700 ms (FindLiveObjects: 0.260300 ms CreateObjectMapping: 0.169000 ms MarkObjects: 1.972500 ms  DeleteObjects: 0.051800 ms)

========================================================================
Received Import Request.
  Time since last request: 674.805116 seconds.
  path: Assets/Scenes/PlayerMovement.cs
  artifactKey: Guid(03d2fb9aed52be745801bdebdf4887cb) Importer(815301076,1909f56bfc062723c751e8b465ee728b)
Start importing Assets/Scenes/PlayerMovement.cs using Guid(03d2fb9aed52be745801bdebdf4887cb) Importer(815301076,1909f56bfc062723c751e8b465ee728b)  -> (artifact id: 'b9e45efc37b504d9d0a18d212cd5f1f4') in 0.005952 seconds 
========================================================================
Received Prepare
Registering precompiled user dll's ...
Registered in 0.002894 seconds.
Begin MonoManager ReloadAssembly
Native extension for WindowsStandalone target not found
Refreshing native plugins compatible for Editor in 0.49 ms, found 1 plugins.
Preloading 0 native plugins for Editor in 0.00 ms.
Mono: successfully reloaded assembly
- Completed reload, in  0.936 seconds
Platform modules already initialized, skipping
Refreshing native plugins compatible for Editor in 0.58 ms, found 1 plugins.
Preloading 0 native plugins for Editor in 0.00 ms.
Unloading 2671 Unused Serialized files (Serialized files now loaded: 0)
System memory in use before: 102.6 MB.
System memory in use after: 102.8 MB.

Unloading 10 unused Assets to reduce memory usage. Loaded Objects now: 3237.
Total: 4.121700 ms (FindLiveObjects: 0.278900 ms CreateObjectMapping: 0.171400 ms MarkObjects: 3.614300 ms  DeleteObjects: 0.055500 ms)

========================================================================
Received Import Request.
  Time since last request: 208.852066 seconds.
  path: Assets/Scenes/PlayerMovement.cs
  artifactKey: Guid(03d2fb9aed52be745801bdebdf4887cb) Importer(815301076,1909f56bfc062723c751e8b465ee728b)
Start importing Assets/Scenes/PlayerMovement.cs using Guid(03d2fb9aed52be745801bdebdf4887cb) Importer(815301076,1909f56bfc062723c751e8b465ee728b)  -> (artifact id: '5e09b424c4a130a7f494a231871244cb') in 0.007159 seconds 
========================================================================
Received Prepare
Registering precompiled user dll's ...
Registered in 0.003140 seconds.
Begin MonoManager ReloadAssembly
Native extension for WindowsStandalone target not found
Refreshing native plugins compatible for Editor in 0.46 ms, found 1 plugins.
Preloading 0 native plugins for Editor in 0.00 ms.
Mono: successfully reloaded assembly
- Completed reload, in  0.944 seconds
Platform modules already initialized, skipping
Refreshing native plugins compatible for Editor in 0.59 ms, found 1 plugins.
Preloading 0 native plugins for Editor in 0.00 ms.
Unloading 2671 Unused Serialized files (Serialized files now loaded: 0)
System memory in use before: 102.7 MB.
System memory in use after: 102.8 MB.

Unloading 10 unused Assets to reduce memory usage. Loaded Objects now: 3240.
Total: 2.389100 ms (FindLiveObjects: 0.269800 ms CreateObjectMapping: 0.127600 ms MarkObjects: 1.947300 ms  DeleteObjects: 0.043500 ms)

========================================================================
Received Prepare
Registering precompiled user dll's ...
Registered in 0.002972 seconds.
Begin MonoManager ReloadAssembly
Native extension for WindowsStandalone target not found
Refreshing native plugins compatible for Editor in 0.53 ms, found 1 plugins.
Preloading 0 native plugins for Editor in 0.00 ms.
Mono: successfully reloaded assembly
- Completed reload, in  0.995 seconds
Platform modules already initialized, skipping
Refreshing native plugins compatible for Editor in 0.60 ms, found 1 plugins.
Preloading 0 native plugins for Editor in 0.00 ms.
Unloading 2671 Unused Serialized files (Serialized files now loaded: 0)
System memory in use before: 102.7 MB.
System memory in use after: 102.9 MB.

Unloading 10 unused Assets to reduce memory usage. Loaded Objects now: 3243.
Total: 2.813700 ms (FindLiveObjects: 0.364700 ms CreateObjectMapping: 0.173600 ms MarkObjects: 2.215800 ms  DeleteObjects: 0.058400 ms)

========================================================================
Received Prepare
Registering precompiled user dll's ...
Registered in 0.003223 seconds.
Begin MonoManager ReloadAssembly
Native extension for WindowsStandalone target not found
Refreshing native plugins compatible for Editor in 0.86 ms, found 1 plugins.
Preloading 0 native plugins for Editor in 0.00 ms.
Mono: successfully reloaded assembly
- Completed reload, in  1.038 seconds
Platform modules already initialized, skipping
Refreshing native plugins compatible for Editor in 0.50 ms, found 1 plugins.
Preloading 0 native plugins for Editor in 0.00 ms.
Unloading 2671 Unused Serialized files (Serialized files now loaded: 0)
System memory in use before: 102.7 MB.
System memory in use after: 102.9 MB.

Unloading 10 unused Assets to reduce memory usage. Loaded Objects now: 3246.
Total: 2.364200 ms (FindLiveObjects: 0.233700 ms CreateObjectMapping: 0.143500 ms MarkObjects: 1.937100 ms  DeleteObjects: 0.049000 ms)

========================================================================
Received Prepare
Registering precompiled user dll's ...
Registered in 0.004338 seconds.
Begin MonoManager ReloadAssembly
Native extension for WindowsStandalone target not found
Refreshing native plugins compatible for Editor in 0.90 ms, found 1 plugins.
Preloading 0 native plugins for Editor in 0.00 ms.
Mono: successfully reloaded assembly
- Completed reload, in  1.389 seconds
Platform modules already initialized, skipping
Refreshing native plugins compatible for Editor in 0.72 ms, found 1 plugins.
Preloading 0 native plugins for Editor in 0.00 ms.
Unloading 2671 Unused Serialized files (Serialized files now loaded: 0)
System memory in use before: 102.7 MB.
System memory in use after: 102.9 MB.

Unloading 10 unused Assets to reduce memory usage. Loaded Objects now: 3249.
Total: 3.351800 ms (FindLiveObjects: 0.337200 ms CreateObjectMapping: 0.244700 ms MarkObjects: 2.718500 ms  DeleteObjects: 0.050300 ms)

========================================================================
Received Prepare
Registering precompiled user dll's ...
Registered in 0.003050 seconds.
Begin MonoManager ReloadAssembly
Native extension for WindowsStandalone target not found
Refreshing native plugins compatible for Editor in 0.53 ms, found 1 plugins.
Preloading 0 native plugins for Editor in 0.00 ms.
Mono: successfully reloaded assembly
- Completed reload, in  1.015 seconds
Platform modules already initialized, skipping
Refreshing native plugins compatible for Editor in 0.81 ms, found 1 plugins.
Preloading 0 native plugins for Editor in 0.00 ms.
Unloading 2671 Unused Serialized files (Serialized files now loaded: 0)
System memory in use before: 102.7 MB.
System memory in use after: 102.9 MB.

Unloading 10 unused Assets to reduce memory usage. Loaded Objects now: 3252.
Total: 3.878700 ms (FindLiveObjects: 0.620800 ms CreateObjectMapping: 0.342700 ms MarkObjects: 2.804000 ms  DeleteObjects: 0.109000 ms)

========================================================================
Received Prepare
Registering precompiled user dll's ...
Registered in 0.003075 seconds.
Begin MonoManager ReloadAssembly
Native extension for WindowsStandalone target not found
Refreshing native plugins compatible for Editor in 0.53 ms, found 1 plugins.
Preloading 0 native plugins for Editor in 0.00 ms.
Mono: successfully reloaded assembly
- Completed reload, in  1.076 seconds
Platform modules already initialized, skipping
Refreshing native plugins compatible for Editor in 0.70 ms, found 1 plugins.
Preloading 0 native plugins for Editor in 0.00 ms.
Unloading 2671 Unused Serialized files (Serialized files now loaded: 0)
System memory in use before: 102.7 MB.
System memory in use after: 102.9 MB.

Unloading 10 unused Assets to reduce memory usage. Loaded Objects now: 3255.
Total: 5.700400 ms (FindLiveObjects: 1.509200 ms CreateObjectMapping: 1.678200 ms MarkObjects: 2.464100 ms  DeleteObjects: 0.047500 ms)

========================================================================
Received Prepare
Registering precompiled user dll's ...
Registered in 0.003169 seconds.
Begin MonoManager ReloadAssembly
Native extension for WindowsStandalone target not found
Refreshing native plugins compatible for Editor in 0.51 ms, found 1 plugins.
Preloading 0 native plugins for Editor in 0.00 ms.
Mono: successfully reloaded assembly
- Completed reload, in  1.062 seconds
Platform modules already initialized, skipping
Refreshing native plugins compatible for Editor in 0.49 ms, found 1 plugins.
Preloading 0 native plugins for Editor in 0.00 ms.
Unloading 2671 Unused Serialized files (Serialized files now loaded: 0)
System memory in use before: 102.7 MB.
System memory in use after: 102.9 MB.

Unloading 10 unused Assets to reduce memory usage. Loaded Objects now: 3258.
Total: 2.627700 ms (FindLiveObjects: 0.389700 ms CreateObjectMapping: 0.177800 ms MarkObjects: 2.012300 ms  DeleteObjects: 0.046900 ms)

========================================================================
Received Prepare
Registering precompiled user dll's ...
Registered in 0.003565 seconds.
Begin MonoManager ReloadAssembly
Native extension for WindowsStandalone target not found
Refreshing native plugins compatible for Editor in 0.62 ms, found 1 plugins.
Preloading 0 native plugins for Editor in 0.00 ms.
Mono: successfully reloaded assembly
- Completed reload, in  1.128 seconds
Platform modules already initialized, skipping
Refreshing native plugins compatible for Editor in 0.58 ms, found 1 plugins.
Preloading 0 native plugins for Editor in 0.00 ms.
Unloading 2671 Unused Serialized files (Serialized files now loaded: 0)
System memory in use before: 102.7 MB.
System memory in use after: 102.9 MB.

Unloading 10 unused Assets to reduce memory usage. Loaded Objects now: 3261.
Total: 2.957000 ms (FindLiveObjects: 0.298000 ms CreateObjectMapping: 0.149900 ms MarkObjects: 2.456600 ms  DeleteObjects: 0.051200 ms)

AssetImportWorkerClient::OnTransportError - code=2 error=End of file
